<?xml version="1.0" encoding="UTF-8"?>
<!-- Generated by org.testng.reporters.JUnitXMLReporter -->
<testsuite hostname="DESKTOP-F03TO42" ignored="0" tests="4" failures="0" timestamp="11 Jun 2017 21:04:12 GMT" time="0.069" errors="0">
  <testcase name="example1" time="0.007" classname="BeforeAndAfterClass"/>
  <testcase name="example2" time="0.002" classname="BeforeAndAfterClass"/>
  <testcase name="example2" time="0.004" classname="BeforeAndAfterClass"/>
  <testcase name="example3" time="0.001" classname="BeforeAndAfterClass"/>
</testsuite>
