<?xml version="1.0" encoding="UTF-8"?>
<!-- Generated by org.testng.reporters.JUnitXMLReporter -->
<testsuite hostname="DESKTOP-F03TO42" name="GRP-FunctionalTest,SmokeTest" tests="3" failures="0" timestamp="20 Nov 2016 01:41:24 GMT" time="0.042" errors="0">
  <testcase name="TC1" time="0.012" classname="com.practice.Groups"/>
  <testcase name="TC2" time="0.002" classname="com.practice.Groups"/>
  <testcase name="TC3" time="0.002" classname="com.practice.Groups"/>
</testsuite> <!-- GRP-FunctionalTest,SmokeTest -->
